<?xml version="1.0" encoding="UTF-8"?>
<testsuite xmlns:xsi="http://www.w3.org/2001/XMLSchema-instance" xsi:noNamespaceSchemaLocation="https://maven.apache.org/surefire/maven-surefire-plugin/xsd/surefire-test-report-3.0.xsd" version="3.0" name="entidad.EntSolicitudDetalleTest" time="0.012" tests="15" errors="0" skipped="0" failures="0">
  <properties>
[...]
</properties>
  <testcase name="testSetunidad" classname="entidad.EntSolicitudDetalleTest" time="0.001">
    <system-out><![CDATA[setunidad
]]></system-out>
  </testcase>
  <testcase name="testGetprecio" classname="entidad.EntSolicitudDetalleTest" time="0.002">
    <system-out><![CDATA[getprecio
]]></system-out>
  </testcase>
  <testcase name="testGetunidad" classname="entidad.EntSolicitudDetalleTest" time="0.001">
    <system-out><![CDATA[getunidad
]]></system-out>
  </testcase>
  <testcase name="testEntSolicitudDetalleConstructor" classname="entidad.EntSolicitudDetalleTest" time="0">
    <system-out><![CDATA[EntSolicitudDetalle constructor
]]></system-out>
  </testcase>
  <testcase name="testGetid" classname="entidad.EntSolicitudDetalleTest" time="0.001">
    <system-out><![CDATA[getid
]]></system-out>
  </testcase>
  <testcase name="testSetid" classname="entidad.EntSolicitudDetalleTest" time="0">
    <system-out><![CDATA[setid
]]></system-out>
  </testcase>
  <testcase name="testGetinsumo_id" classname="entidad.EntSolicitudDetalleTest" time="0.001">
    <system-out><![CDATA[getinsumo_id
]]></system-out>
  </testcase>
  <testcase name="testGetsolicitud_id" classname="entidad.EntSolicitudDetalleTest" time="0.001">
    <system-out><![CDATA[getsolicitud_id
]]></system-out>
  </testcase>
  <testcase name="testSetsolicitud_id" classname="entidad.EntSolicitudDetalleTest" time="0">
    <system-out><![CDATA[setsolicitud_id
]]></system-out>
  </testcase>
  <testcase name="testSetinsumo_id" classname="entidad.EntSolicitudDetalleTest" time="0">
    <system-out><![CDATA[setinsumo_id
]]></system-out>
  </testcase>
  <testcase name="testSetcantidad" classname="entidad.EntSolicitudDetalleTest" time="0.001">
    <system-out><![CDATA[setcantidad
]]></system-out>
  </testcase>
  <testcase name="testGetcantidad" classname="entidad.EntSolicitudDetalleTest" time="0">
    <system-out><![CDATA[getcantidad
]]></system-out>
  </testcase>
  <testcase name="testSetestado" classname="entidad.EntSolicitudDetalleTest" time="0.001">
    <system-out><![CDATA[setestado
]]></system-out>
  </testcase>
  <testcase name="testGetestado" classname="entidad.EntSolicitudDetalleTest" time="0.001">
    <system-out><![CDATA[getestado
]]></system-out>
  </testcase>
  <testcase name="testSetprecio" classname="entidad.EntSolicitudDetalleTest" time="0">
    <system-out><![CDATA[setprecio
]]></system-out>
  </testcase>
</testsuite>